2025-03-06T12:15:06.972+05:30  INFO 22848 --- [SpringAddressBook] [main] c.b.s.AddressBookAppApplication          : Starting AddressBookAppApplication using Java 21.0.1 with PID 22848 (C:\Users\FTT\OneDrive\Desktop\SpringBoot\springaddressbook\target\classes started by FTT in C:\Users\FTT\OneDrive\Desktop\SpringBoot\springaddressbook)
2025-03-06T12:15:06.976+05:30  INFO 22848 --- [SpringAddressBook] [main] c.b.s.AddressBookAppApplication          : No active profile set, falling back to 1 default profile: "default"
2025-03-06T12:15:08.128+05:30  INFO 22848 --- [SpringAddressBook] [main] .s.d.r.c.RepositoryConfigurationDelegate : Bootstrapping Spring Data JPA repositories in DEFAULT mode.
2025-03-06T12:15:08.234+05:30  INFO 22848 --- [SpringAddressBook] [main] .s.d.r.c.RepositoryConfigurationDelegate : Finished Spring Data repository scanning in 89 ms. Found 1 JPA repository interface.
2025-03-06T12:15:09.075+05:30  INFO 22848 --- [SpringAddressBook] [main] o.s.b.w.embedded.tomcat.TomcatWebServer  : Tomcat initialized with port 8080 (http)
2025-03-06T12:15:09.096+05:30  INFO 22848 --- [SpringAddressBook] [main] o.apache.catalina.core.StandardService   : Starting service [Tomcat]
2025-03-06T12:15:09.097+05:30  INFO 22848 --- [SpringAddressBook] [main] o.apache.catalina.core.StandardEngine    : Starting Servlet engine: [Apache Tomcat/10.1.36]
2025-03-06T12:15:09.162+05:30  INFO 22848 --- [SpringAddressBook] [main] o.a.c.c.C.[Tomcat].[localhost].[/]       : Initializing Spring embedded WebApplicationContext
2025-03-06T12:15:09.162+05:30  INFO 22848 --- [SpringAddressBook] [main] w.s.c.ServletWebServerApplicationContext : Root WebApplicationContext: initialization completed in 2048 ms
2025-03-06T12:15:09.487+05:30  INFO 22848 --- [SpringAddressBook] [main] o.hibernate.jpa.internal.util.LogHelper  : HHH000204: Processing PersistenceUnitInfo [name: default]
2025-03-06T12:15:09.590+05:30  INFO 22848 --- [SpringAddressBook] [main] org.hibernate.Version                    : HHH000412: Hibernate ORM core version 6.6.8.Final
2025-03-06T12:15:09.651+05:30  INFO 22848 --- [SpringAddressBook] [main] o.h.c.internal.RegionFactoryInitiator    : HHH000026: Second-level cache disabled
2025-03-06T12:15:10.179+05:30  INFO 22848 --- [SpringAddressBook] [main] o.s.o.j.p.SpringPersistenceUnitInfo      : No LoadTimeWeaver setup: ignoring JPA class transformer
2025-03-06T12:15:10.229+05:30  INFO 22848 --- [SpringAddressBook] [main] com.zaxxer.hikari.HikariDataSource       : HikariPool-1 - Starting...
2025-03-06T12:15:10.870+05:30  INFO 22848 --- [SpringAddressBook] [main] com.zaxxer.hikari.pool.HikariPool        : HikariPool-1 - Added connection com.mysql.cj.jdbc.ConnectionImpl@3e39e0fb
2025-03-06T12:15:10.873+05:30  INFO 22848 --- [SpringAddressBook] [main] com.zaxxer.hikari.HikariDataSource       : HikariPool-1 - Start completed.
2025-03-06T12:15:10.957+05:30  WARN 22848 --- [SpringAddressBook] [main] org.hibernate.orm.deprecation            : HHH90000025: MySQL8Dialect does not need to be specified explicitly using 'hibernate.dialect' (remove the property setting and it will be selected by default)
2025-03-06T12:15:10.958+05:30  WARN 22848 --- [SpringAddressBook] [main] org.hibernate.orm.deprecation            : HHH90000026: MySQL8Dialect has been deprecated; use org.hibernate.dialect.MySQLDialect instead
2025-03-06T12:15:10.981+05:30  INFO 22848 --- [SpringAddressBook] [main] org.hibernate.orm.connections.pooling    : HHH10001005: Database info:
	Database JDBC URL [Connecting through datasource 'HikariDataSource (HikariPool-1)']
	Database driver: undefined/unknown
	Database version: 8.0
	Autocommit mode: undefined/unknown
	Isolation level: undefined/unknown
	Minimum pool size: undefined/unknown
	Maximum pool size: undefined/unknown
2025-03-06T12:15:12.044+05:30  INFO 22848 --- [SpringAddressBook] [main] o.h.e.t.j.p.i.JtaPlatformInitiator       : HHH000489: No JTA platform available (set 'hibernate.transaction.jta.platform' to enable JTA platform integration)
2025-03-06T12:15:12.284+05:30  INFO 22848 --- [SpringAddressBook] [main] j.LocalContainerEntityManagerFactoryBean : Initialized JPA EntityManagerFactory for persistence unit 'default'
2025-03-06T12:15:12.674+05:30  WARN 22848 --- [SpringAddressBook] [main] JpaBaseConfiguration$JpaWebConfiguration : spring.jpa.open-in-view is enabled by default. Therefore, database queries may be performed during view rendering. Explicitly configure spring.jpa.open-in-view to disable this warning
2025-03-06T12:15:13.191+05:30  INFO 22848 --- [SpringAddressBook] [main] o.s.b.w.embedded.tomcat.TomcatWebServer  : Tomcat started on port 8080 (http) with context path '/'
2025-03-06T12:15:13.202+05:30  INFO 22848 --- [SpringAddressBook] [main] c.b.s.AddressBookAppApplication          : Started AddressBookAppApplication in 7.218 seconds (process running for 8.006)
2025-03-06T12:17:06.145+05:30  INFO 22848 --- [SpringAddressBook] [http-nio-8080-exec-2] o.a.c.c.C.[Tomcat].[localhost].[/]       : Initializing Spring DispatcherServlet 'dispatcherServlet'
2025-03-06T12:17:06.146+05:30  INFO 22848 --- [SpringAddressBook] [http-nio-8080-exec-2] o.s.web.servlet.DispatcherServlet        : Initializing Servlet 'dispatcherServlet'
2025-03-06T12:17:06.149+05:30  INFO 22848 --- [SpringAddressBook] [http-nio-8080-exec-2] o.s.web.servlet.DispatcherServlet        : Completed initialization in 2 ms
2025-03-06T12:17:06.328+05:30  INFO 22848 --- [SpringAddressBook] [http-nio-8080-exec-2] c.b.s.controller.AddressBookController   : Create address endpoint called
2025-03-06T12:17:29.191+05:30  INFO 22848 --- [SpringAddressBook] [http-nio-8080-exec-3] c.b.s.controller.AddressBookController   : Create address endpoint called
2025-03-06T12:17:30.844+05:30  INFO 22848 --- [SpringAddressBook] [http-nio-8080-exec-4] c.b.s.controller.AddressBookController   : Create address endpoint called
2025-03-06T12:17:31.644+05:30  INFO 22848 --- [SpringAddressBook] [http-nio-8080-exec-5] c.b.s.controller.AddressBookController   : Create address endpoint called
2025-03-06T12:17:53.571+05:30  INFO 22848 --- [SpringAddressBook] [http-nio-8080-exec-6] c.b.s.controller.AddressBookController   : All address endpoint called
2025-03-06T12:18:02.737+05:30  INFO 22848 --- [SpringAddressBook] [http-nio-8080-exec-7] c.b.s.controller.AddressBookController   : By id address endpoint called
2025-03-06T12:18:05.316+05:30  INFO 22848 --- [SpringAddressBook] [http-nio-8080-exec-8] c.b.s.controller.AddressBookController   : By id address endpoint called
2025-03-06T12:18:55.211+05:30  INFO 22848 --- [SpringAddressBook] [http-nio-8080-exec-9] c.b.s.controller.AddressBookController   : Update address endpoint called
2025-03-06T12:19:09.852+05:30  INFO 22848 --- [SpringAddressBook] [http-nio-8080-exec-10] c.b.s.controller.AddressBookController   : Delete address endpoint called
2025-03-06T12:19:26.272+05:30  INFO 22848 --- [SpringAddressBook] [http-nio-8080-exec-1] c.b.s.controller.AddressBookController   : By id address endpoint called
2025-03-06T12:19:33.768+05:30  INFO 22848 --- [SpringAddressBook] [SpringApplicationShutdownHook] o.s.b.w.e.tomcat.GracefulShutdown        : Commencing graceful shutdown. Waiting for active requests to complete
2025-03-06T12:19:33.778+05:30  INFO 22848 --- [SpringAddressBook] [tomcat-shutdown] o.s.b.w.e.tomcat.GracefulShutdown        : Graceful shutdown complete
2025-03-06T12:19:33.782+05:30  INFO 22848 --- [SpringAddressBook] [SpringApplicationShutdownHook] j.LocalContainerEntityManagerFactoryBean : Closing JPA EntityManagerFactory for persistence unit 'default'
2025-03-06T12:19:33.784+05:30  INFO 22848 --- [SpringAddressBook] [SpringApplicationShutdownHook] com.zaxxer.hikari.HikariDataSource       : HikariPool-1 - Shutdown initiated...
2025-03-06T12:19:33.794+05:30  INFO 22848 --- [SpringAddressBook] [SpringApplicationShutdownHook] com.zaxxer.hikari.HikariDataSource       : HikariPool-1 - Shutdown completed.
